<?xml version="1.0" encoding="UTF-8"?>
<!-- Generated by org.testng.reporters.JUnitReportReporter -->
<testsuite skipped="0" hostname="DESKTOP-2MCR46G" name="com.qa.testng.GetApiTest" tests="2" failures="0" timestamp="09 Jun 2020 12:54:47 GMT" time="1.452" errors="0">
  <testcase name="getAPITestwithoutheader" time="0.987" classname="com.qa.testng.GetApiTest"/>
  <testcase name="getAPITestwithheader" time="0.465" classname="com.qa.testng.GetApiTest"/>
</testsuite> <!-- com.qa.testng.GetApiTest -->
