<?xml version="1.0" encoding="UTF-8"?>
<!-- Generated by org.testng.reporters.JUnitReportReporter -->
<testsuite skipped="0" hostname="DESKTOP-2MCR46G" name="com.qa.testng.GetApiTest" tests="1" failures="0" timestamp="08 Jun 2020 15:42:05 GMT" time="2.682" errors="0">
  <testcase name="getAPITest" time="2.682" classname="com.qa.testng.GetApiTest"/>
</testsuite> <!-- com.qa.testng.GetApiTest -->
